2019/05/17-09:18 [main] INFO  com.wxc.dangxia.DangxiaApplication- Starting DangxiaApplication on DESKTOP-QK8FRP2 with PID 1528 (E:\java_workspace\dangxia\target\classes started by Star.Wu in E:\java_workspace\dangxia)
2019/05/17-09:18 [main] DEBUG com.wxc.dangxia.DangxiaApplication- Running with Spring Boot v2.1.4.RELEASE, Spring v5.1.6.RELEASE
2019/05/17-09:18 [main] INFO  com.wxc.dangxia.DangxiaApplication- No active profile set, falling back to default profiles: default
2019/05/17-09:18 [main] INFO  org.springframework.boot.devtools.env.DevToolsPropertyDefaultsPostProcessor- Devtools property defaults active! Set 'spring.devtools.add-properties' to 'false' to disable
2019/05/17-09:18 [main] INFO  org.springframework.boot.devtools.env.DevToolsPropertyDefaultsPostProcessor- For additional web related logging consider setting the 'logging.level.web' property to 'DEBUG'
2019/05/17-09:18 [main] INFO  org.springframework.context.support.PostProcessorRegistrationDelegate$BeanPostProcessorChecker- Bean 'org.springframework.transaction.annotation.ProxyTransactionManagementConfiguration' of type [org.springframework.transaction.annotation.ProxyTransactionManagementConfiguration$$EnhancerBySpringCGLIB$$f89ba7a] is not eligible for getting processed by all BeanPostProcessors (for example: not eligible for auto-proxying)
2019/05/17-09:18 [main] INFO  org.springframework.context.support.PostProcessorRegistrationDelegate$BeanPostProcessorChecker- Bean 'shiroConfiguration' of type [com.wxc.dangxia.commons.shiro.config.ShiroConfiguration$$EnhancerBySpringCGLIB$$a3772cc0] is not eligible for getting processed by all BeanPostProcessors (for example: not eligible for auto-proxying)
2019/05/17-09:18 [main] INFO  org.springframework.context.support.PostProcessorRegistrationDelegate$BeanPostProcessorChecker- Bean 'securityManager' of type [org.apache.shiro.web.mgt.DefaultWebSecurityManager] is not eligible for getting processed by all BeanPostProcessors (for example: not eligible for auto-proxying)
2019/05/17-09:18 [main] INFO  org.springframework.context.support.PostProcessorRegistrationDelegate$BeanPostProcessorChecker- Bean 'authorizationAttributeSourceAdvisor' of type [org.apache.shiro.spring.security.interceptor.AuthorizationAttributeSourceAdvisor] is not eligible for getting processed by all BeanPostProcessors (for example: not eligible for auto-proxying)
2019/05/17-09:18 [main] INFO  org.springframework.boot.web.embedded.tomcat.TomcatWebServer- Tomcat initialized with port(s): 8088 (http)
2019/05/17-09:18 [main] INFO  org.apache.catalina.core.StandardService- Starting service [Tomcat]
2019/05/17-09:18 [main] INFO  org.apache.catalina.core.StandardEngine- Starting Servlet engine: [Apache Tomcat/9.0.17]
2019/05/17-09:18 [main] INFO  org.apache.catalina.core.AprLifecycleListener- An older version [1.2.14] of the APR based Apache Tomcat Native library is installed, while Tomcat recommends a minimum version of [1.2.21]
2019/05/17-09:18 [main] INFO  org.apache.catalina.core.AprLifecycleListener- Loaded APR based Apache Tomcat Native library [1.2.14] using APR version [1.6.2].
2019/05/17-09:18 [main] INFO  org.apache.catalina.core.AprLifecycleListener- APR capabilities: IPv6 [true], sendfile [true], accept filters [false], random [true].
2019/05/17-09:18 [main] INFO  org.apache.catalina.core.AprLifecycleListener- APR/OpenSSL configuration: useAprConnector [false], useOpenSSL [true]
2019/05/17-09:18 [main] INFO  org.apache.catalina.core.AprLifecycleListener- OpenSSL successfully initialized [OpenSSL 1.0.2l  25 May 2017]
2019/05/17-09:18 [main] INFO  org.apache.catalina.core.ContainerBase.[Tomcat].[localhost].[/dangxia]- Initializing Spring embedded WebApplicationContext
2019/05/17-09:18 [main] INFO  org.springframework.web.context.ContextLoader- Root WebApplicationContext: initialization completed in 5014 ms
2019/05/17-09:18 [main] INFO  org.springframework.scheduling.concurrent.ThreadPoolTaskExecutor- Initializing ExecutorService 'applicationTaskExecutor'
2019/05/17-09:18 [main] INFO  org.springframework.boot.autoconfigure.web.servlet.WelcomePageHandlerMapping- Adding welcome page template: index
2019/05/17-09:18 [main] INFO  org.springframework.boot.devtools.autoconfigure.OptionalLiveReloadServer- LiveReload server is running on port 35729
2019/05/17-09:18 [main] INFO  org.springframework.boot.web.embedded.tomcat.TomcatWebServer- Tomcat started on port(s): 8088 (http) with context path '/dangxia'
2019/05/17-09:18 [main] INFO  com.wxc.dangxia.DangxiaApplication- Started DangxiaApplication in 10.545 seconds (JVM running for 23.638)
2019/05/17-09:20 [http-nio-8088-exec-1] INFO  org.apache.catalina.core.ContainerBase.[Tomcat].[localhost].[/dangxia]- Initializing Spring DispatcherServlet 'dispatcherServlet'
2019/05/17-09:20 [http-nio-8088-exec-1] INFO  org.springframework.web.servlet.DispatcherServlet- Initializing Servlet 'dispatcherServlet'
2019/05/17-09:20 [http-nio-8088-exec-1] INFO  org.springframework.web.servlet.DispatcherServlet- Completed initialization in 23 ms
2019/05/17-09:21 [http-nio-8088-exec-5] INFO  org.apache.tomcat.util.http.parser.Cookie- A cookie header was received [1558056049; Hm_lpvt_b393d153aeb26b46e9431fabaf0f6190=1558056049] that contained an invalid cookie. That cookie will be ignored.
 Note: further occurrences of this error will be logged at DEBUG level.
2019/05/17-09:21 [http-nio-8088-exec-5] WARN  org.apache.shiro.authc.AbstractAuthenticator- Authentication failed for token submission [org.apache.shiro.authc.UsernamePasswordToken - admin, rememberMe=false].  Possible unexpected error? (Typical or expected login exceptions should extend from AuthenticationException).
java.lang.NullPointerException: null
	at com.wxc.dangxia.commons.shiro.realm.DangXiaRealm.doGetAuthenticationInfo(DangXiaRealm.java:60)
	at org.apache.shiro.realm.AuthenticatingRealm.getAuthenticationInfo(AuthenticatingRealm.java:571)
	at org.apache.shiro.authc.pam.ModularRealmAuthenticator.doSingleRealmAuthentication(ModularRealmAuthenticator.java:180)
	at org.apache.shiro.authc.pam.ModularRealmAuthenticator.doAuthenticate(ModularRealmAuthenticator.java:267)
	at org.apache.shiro.authc.AbstractAuthenticator.authenticate(AbstractAuthenticator.java:198)
	at org.apache.shiro.mgt.AuthenticatingSecurityManager.authenticate(AuthenticatingSecurityManager.java:106)
	at org.apache.shiro.mgt.DefaultSecurityManager.login(DefaultSecurityManager.java:274)
	at org.apache.shiro.subject.support.DelegatingSubject.login(DelegatingSubject.java:260)
	at com.wxc.dangxia.controller.system.LoginController.loginEmployee(LoginController.java:49)
	at sun.reflect.GeneratedMethodAccessor107.invoke(Unknown Source)
	at sun.reflect.DelegatingMethodAccessorImpl.invoke(DelegatingMethodAccessorImpl.java:45005)
	at java.lang.reflect.Method.invoke(Method.java:498)
	at org.springframework.web.method.support.InvocableHandlerMethod.doInvoke(InvocableHandlerMethod.java:189)
	at org.springframework.web.method.support.InvocableHandlerMethod.invokeForRequest(InvocableHandlerMethod.java:138)
	at org.springframework.web.servlet.mvc.method.annotation.ServletInvocableHandlerMethod.invokeAndHandle(ServletInvocableHandlerMethod.java:102)
	at org.springframework.web.servlet.mvc.method.annotation.RequestMappingHandlerAdapter.invokeHandlerMethod(RequestMappingHandlerAdapter.java:892)
	at org.springframework.web.servlet.mvc.method.annotation.RequestMappingHandlerAdapter.handleInternal(RequestMappingHandlerAdapter.java:797)
	at org.springframework.web.servlet.mvc.method.AbstractHandlerMethodAdapter.handle(AbstractHandlerMethodAdapter.java:87)
	at org.springframework.web.servlet.DispatcherServlet.doDispatch(DispatcherServlet.java:1038)
	at org.springframework.web.servlet.DispatcherServlet.doService(DispatcherServlet.java:942)
	at org.springframework.web.servlet.FrameworkServlet.processRequest(FrameworkServlet.java:1005)
	at org.springframework.web.servlet.FrameworkServlet.doPost(FrameworkServlet.java:908)
	at javax.servlet.http.HttpServlet.service(HttpServlet.java:660)
	at org.springframework.web.servlet.FrameworkServlet.service(FrameworkServlet.java:882)
	at javax.servlet.http.HttpServlet.service(HttpServlet.java:741)
	at org.apache.catalina.core.ApplicationFilterChain.internalDoFilter(ApplicationFilterChain.java:231)
	at org.apache.catalina.core.ApplicationFilterChain.doFilter(ApplicationFilterChain.java:166)
	at org.apache.tomcat.websocket.server.WsFilter.doFilter(WsFilter.java:53)
	at org.apache.catalina.core.ApplicationFilterChain.internalDoFilter(ApplicationFilterChain.java:193)
	at org.apache.catalina.core.ApplicationFilterChain.doFilter(ApplicationFilterChain.java:166)
	at org.apache.shiro.web.servlet.ProxiedFilterChain.doFilter(ProxiedFilterChain.java:61)
	at org.apache.shiro.web.servlet.AdviceFilter.executeChain(AdviceFilter.java:108)
	at org.apache.shiro.web.servlet.AdviceFilter.doFilterInternal(AdviceFilter.java:137)
	at org.apache.shiro.web.servlet.OncePerRequestFilter.doFilter(OncePerRequestFilter.java:125)
	at org.apache.shiro.web.servlet.ProxiedFilterChain.doFilter(ProxiedFilterChain.java:66)
	at org.apache.shiro.web.servlet.AbstractShiroFilter.executeChain(AbstractShiroFilter.java:449)
	at org.apache.shiro.web.servlet.AbstractShiroFilter$1.call(AbstractShiroFilter.java:365)
	at org.apache.shiro.subject.support.SubjectCallable.doCall(SubjectCallable.java:90)
	at org.apache.shiro.subject.support.SubjectCallable.call(SubjectCallable.java:83)
	at org.apache.shiro.subject.support.DelegatingSubject.execute(DelegatingSubject.java:387)
	at org.apache.shiro.web.servlet.AbstractShiroFilter.doFilterInternal(AbstractShiroFilter.java:362)
	at org.apache.shiro.web.servlet.OncePerRequestFilter.doFilter(OncePerRequestFilter.java:125)
	at org.apache.catalina.core.ApplicationFilterChain.internalDoFilter(ApplicationFilterChain.java:193)
	at org.apache.catalina.core.ApplicationFilterChain.doFilter(ApplicationFilterChain.java:166)
	at org.springframework.web.filter.RequestContextFilter.doFilterInternal(RequestContextFilter.java:99)
	at org.springframework.web.filter.OncePerRequestFilter.doFilter(OncePerRequestFilter.java:107)
	at org.apache.catalina.core.ApplicationFilterChain.internalDoFilter(ApplicationFilterChain.java:193)
	at org.apache.catalina.core.ApplicationFilterChain.doFilter(ApplicationFilterChain.java:166)
	at org.springframework.web.filter.FormContentFilter.doFilterInternal(FormContentFilter.java:92)
	at org.springframework.web.filter.OncePerRequestFilter.doFilter(OncePerRequestFilter.java:107)
	at org.apache.catalina.core.ApplicationFilterChain.internalDoFilter(ApplicationFilterChain.java:193)
	at org.apache.catalina.core.ApplicationFilterChain.doFilter(ApplicationFilterChain.java:166)
	at org.springframework.web.filter.HiddenHttpMethodFilter.doFilterInternal(HiddenHttpMethodFilter.java:93)
	at org.springframework.web.filter.OncePerRequestFilter.doFilter(OncePerRequestFilter.java:107)
	at org.apache.catalina.core.ApplicationFilterChain.internalDoFilter(ApplicationFilterChain.java:193)
	at org.apache.catalina.core.ApplicationFilterChain.doFilter(ApplicationFilterChain.java:166)
	at org.springframework.web.filter.CharacterEncodingFilter.doFilterInternal(CharacterEncodingFilter.java:200)
	at org.springframework.web.filter.OncePerRequestFilter.doFilter(OncePerRequestFilter.java:107)
	at org.apache.catalina.core.ApplicationFilterChain.internalDoFilter(ApplicationFilterChain.java:193)
	at org.apache.catalina.core.ApplicationFilterChain.doFilter(ApplicationFilterChain.java:166)
	at org.apache.catalina.core.StandardWrapperValve.invoke(StandardWrapperValve.java:200)
	at org.apache.catalina.core.StandardContextValve.__invoke(StandardContextValve.java:96)
	at org.apache.catalina.core.StandardContextValve.invoke(StandardContextValve.java:41002)
	at org.apache.catalina.authenticator.AuthenticatorBase.invoke(AuthenticatorBase.java:490)
	at org.apache.catalina.core.StandardHostValve.invoke(StandardHostValve.java:139)
	at org.apache.catalina.valves.ErrorReportValve.invoke(ErrorReportValve.java:92)
	at org.apache.catalina.core.StandardEngineValve.invoke(StandardEngineValve.java:74)
	at org.apache.catalina.connector.CoyoteAdapter.service(CoyoteAdapter.java:343)
	at org.apache.coyote.http11.Http11Processor.service(Http11Processor.java:408)
	at org.apache.coyote.AbstractProcessorLight.process(AbstractProcessorLight.java:66)
	at org.apache.coyote.AbstractProtocol$ConnectionHandler.process(AbstractProtocol.java:834)
	at org.apache.tomcat.util.net.NioEndpoint$SocketProcessor.doRun(NioEndpoint.java:1415)
	at org.apache.tomcat.util.net.SocketProcessorBase.run(SocketProcessorBase.java:49)
	at java.util.concurrent.ThreadPoolExecutor.runWorker(ThreadPoolExecutor.java:1142)
	at java.util.concurrent.ThreadPoolExecutor$Worker.run(ThreadPoolExecutor.java:617)
	at org.apache.tomcat.util.threads.TaskThread$WrappingRunnable.run(TaskThread.java:61)
	at java.lang.Thread.run(Thread.java:745)
2019/05/17-09:23 [main] INFO  com.wxc.dangxia.DangxiaApplication- Starting DangxiaApplication on DESKTOP-QK8FRP2 with PID 8540 (E:\java_workspace\dangxia\target\classes started by Star.Wu in E:\java_workspace\dangxia)
2019/05/17-09:23 [main] DEBUG com.wxc.dangxia.DangxiaApplication- Running with Spring Boot v2.1.4.RELEASE, Spring v5.1.6.RELEASE
2019/05/17-09:23 [main] INFO  com.wxc.dangxia.DangxiaApplication- No active profile set, falling back to default profiles: default
2019/05/17-09:23 [main] INFO  org.springframework.boot.devtools.env.DevToolsPropertyDefaultsPostProcessor- Devtools property defaults active! Set 'spring.devtools.add-properties' to 'false' to disable
2019/05/17-09:23 [main] INFO  org.springframework.boot.devtools.env.DevToolsPropertyDefaultsPostProcessor- For additional web related logging consider setting the 'logging.level.web' property to 'DEBUG'
2019/05/17-09:23 [main] INFO  org.springframework.context.support.PostProcessorRegistrationDelegate$BeanPostProcessorChecker- Bean 'org.springframework.transaction.annotation.ProxyTransactionManagementConfiguration' of type [org.springframework.transaction.annotation.ProxyTransactionManagementConfiguration$$EnhancerBySpringCGLIB$$e0eac70b] is not eligible for getting processed by all BeanPostProcessors (for example: not eligible for auto-proxying)
2019/05/17-09:23 [main] INFO  org.springframework.context.support.PostProcessorRegistrationDelegate$BeanPostProcessorChecker- Bean 'shiroConfiguration' of type [com.wxc.dangxia.commons.shiro.config.ShiroConfiguration$$EnhancerBySpringCGLIB$$74d83951] is not eligible for getting processed by all BeanPostProcessors (for example: not eligible for auto-proxying)
2019/05/17-09:23 [main] INFO  org.springframework.context.support.PostProcessorRegistrationDelegate$BeanPostProcessorChecker- Bean 'securityManager' of type [org.apache.shiro.web.mgt.DefaultWebSecurityManager] is not eligible for getting processed by all BeanPostProcessors (for example: not eligible for auto-proxying)
2019/05/17-09:23 [main] INFO  org.springframework.context.support.PostProcessorRegistrationDelegate$BeanPostProcessorChecker- Bean 'authorizationAttributeSourceAdvisor' of type [org.apache.shiro.spring.security.interceptor.AuthorizationAttributeSourceAdvisor] is not eligible for getting processed by all BeanPostProcessors (for example: not eligible for auto-proxying)
2019/05/17-09:23 [main] INFO  org.springframework.boot.web.embedded.tomcat.TomcatWebServer- Tomcat initialized with port(s): 8088 (http)
2019/05/17-09:23 [main] INFO  org.apache.catalina.core.StandardService- Starting service [Tomcat]
2019/05/17-09:23 [main] INFO  org.apache.catalina.core.StandardEngine- Starting Servlet engine: [Apache Tomcat/9.0.17]
2019/05/17-09:23 [main] INFO  org.apache.catalina.core.AprLifecycleListener- An older version [1.2.14] of the APR based Apache Tomcat Native library is installed, while Tomcat recommends a minimum version of [1.2.21]
2019/05/17-09:23 [main] INFO  org.apache.catalina.core.AprLifecycleListener- Loaded APR based Apache Tomcat Native library [1.2.14] using APR version [1.6.2].
2019/05/17-09:23 [main] INFO  org.apache.catalina.core.AprLifecycleListener- APR capabilities: IPv6 [true], sendfile [true], accept filters [false], random [true].
2019/05/17-09:23 [main] INFO  org.apache.catalina.core.AprLifecycleListener- APR/OpenSSL configuration: useAprConnector [false], useOpenSSL [true]
2019/05/17-09:23 [main] INFO  org.apache.catalina.core.AprLifecycleListener- OpenSSL successfully initialized [OpenSSL 1.0.2l  25 May 2017]
2019/05/17-09:23 [main] INFO  org.apache.catalina.core.ContainerBase.[Tomcat].[localhost].[/dangxia]- Initializing Spring embedded WebApplicationContext
2019/05/17-09:23 [main] INFO  org.springframework.web.context.ContextLoader- Root WebApplicationContext: initialization completed in 3453 ms
2019/05/17-09:23 [main] INFO  org.springframework.scheduling.concurrent.ThreadPoolTaskExecutor- Initializing ExecutorService 'applicationTaskExecutor'
2019/05/17-09:23 [main] INFO  org.springframework.boot.autoconfigure.web.servlet.WelcomePageHandlerMapping- Adding welcome page template: index
2019/05/17-09:23 [main] INFO  org.springframework.boot.devtools.autoconfigure.OptionalLiveReloadServer- LiveReload server is running on port 35729
2019/05/17-09:23 [main] INFO  org.springframework.boot.web.embedded.tomcat.TomcatWebServer- Tomcat started on port(s): 8088 (http) with context path '/dangxia'
2019/05/17-09:23 [main] INFO  com.wxc.dangxia.DangxiaApplication- Started DangxiaApplication in 6.823 seconds (JVM running for 11.729)
2019/05/17-09:23 [http-nio-8088-exec-1] INFO  org.apache.tomcat.util.http.parser.Cookie- A cookie header was received [1558056049; Hm_lpvt_b393d153aeb26b46e9431fabaf0f6190=1558056049] that contained an invalid cookie. That cookie will be ignored.
 Note: further occurrences of this error will be logged at DEBUG level.
2019/05/17-09:23 [http-nio-8088-exec-1] INFO  org.apache.catalina.core.ContainerBase.[Tomcat].[localhost].[/dangxia]- Initializing Spring DispatcherServlet 'dispatcherServlet'
2019/05/17-09:23 [http-nio-8088-exec-1] INFO  org.springframework.web.servlet.DispatcherServlet- Initializing Servlet 'dispatcherServlet'
2019/05/17-09:23 [http-nio-8088-exec-1] INFO  org.springframework.web.servlet.DispatcherServlet- Completed initialization in 22 ms
2019/05/17-09:23 [http-nio-8088-exec-2] WARN  org.apache.shiro.authc.AbstractAuthenticator- Authentication failed for token submission [org.apache.shiro.authc.UsernamePasswordToken - admin, rememberMe=false].  Possible unexpected error? (Typical or expected login exceptions should extend from AuthenticationException).
java.lang.NullPointerException: null
	at com.wxc.dangxia.commons.shiro.realm.DangXiaRealm.doGetAuthenticationInfo(DangXiaRealm.java:60)
	at org.apache.shiro.realm.AuthenticatingRealm.getAuthenticationInfo(AuthenticatingRealm.java:571)
	at org.apache.shiro.authc.pam.ModularRealmAuthenticator.doSingleRealmAuthentication(ModularRealmAuthenticator.java:180)
	at org.apache.shiro.authc.pam.ModularRealmAuthenticator.doAuthenticate(ModularRealmAuthenticator.java:267)
	at org.apache.shiro.authc.AbstractAuthenticator.authenticate(AbstractAuthenticator.java:198)
	at org.apache.shiro.mgt.AuthenticatingSecurityManager.authenticate(AuthenticatingSecurityManager.java:106)
	at org.apache.shiro.mgt.DefaultSecurityManager.login(DefaultSecurityManager.java:274)
	at org.apache.shiro.subject.support.DelegatingSubject.login(DelegatingSubject.java:260)
	at com.wxc.dangxia.controller.system.LoginController.loginEmployee(LoginController.java:49)
	at sun.reflect.GeneratedMethodAccessor113.invoke(Unknown Source)
	at sun.reflect.DelegatingMethodAccessorImpl.invoke(DelegatingMethodAccessorImpl.java:45005)
	at java.lang.reflect.Method.invoke(Method.java:498)
	at org.springframework.web.method.support.InvocableHandlerMethod.doInvoke(InvocableHandlerMethod.java:189)
	at org.springframework.web.method.support.InvocableHandlerMethod.invokeForRequest(InvocableHandlerMethod.java:138)
	at org.springframework.web.servlet.mvc.method.annotation.ServletInvocableHandlerMethod.invokeAndHandle(ServletInvocableHandlerMethod.java:102)
	at org.springframework.web.servlet.mvc.method.annotation.RequestMappingHandlerAdapter.invokeHandlerMethod(RequestMappingHandlerAdapter.java:892)
	at org.springframework.web.servlet.mvc.method.annotation.RequestMappingHandlerAdapter.handleInternal(RequestMappingHandlerAdapter.java:797)
	at org.springframework.web.servlet.mvc.method.AbstractHandlerMethodAdapter.handle(AbstractHandlerMethodAdapter.java:87)
	at org.springframework.web.servlet.DispatcherServlet.doDispatch(DispatcherServlet.java:1038)
	at org.springframework.web.servlet.DispatcherServlet.doService(DispatcherServlet.java:942)
	at org.springframework.web.servlet.FrameworkServlet.processRequest(FrameworkServlet.java:1005)
	at org.springframework.web.servlet.FrameworkServlet.doPost(FrameworkServlet.java:908)
	at javax.servlet.http.HttpServlet.service(HttpServlet.java:660)
	at org.springframework.web.servlet.FrameworkServlet.service(FrameworkServlet.java:882)
	at javax.servlet.http.HttpServlet.service(HttpServlet.java:741)
	at org.apache.catalina.core.ApplicationFilterChain.internalDoFilter(ApplicationFilterChain.java:231)
	at org.apache.catalina.core.ApplicationFilterChain.doFilter(ApplicationFilterChain.java:166)
	at org.apache.tomcat.websocket.server.WsFilter.doFilter(WsFilter.java:53)
	at org.apache.catalina.core.ApplicationFilterChain.internalDoFilter(ApplicationFilterChain.java:193)
	at org.apache.catalina.core.ApplicationFilterChain.doFilter(ApplicationFilterChain.java:166)
	at org.apache.shiro.web.servlet.ProxiedFilterChain.doFilter(ProxiedFilterChain.java:61)
	at org.apache.shiro.web.servlet.AdviceFilter.executeChain(AdviceFilter.java:108)
	at org.apache.shiro.web.servlet.AdviceFilter.doFilterInternal(AdviceFilter.java:137)
	at org.apache.shiro.web.servlet.OncePerRequestFilter.doFilter(OncePerRequestFilter.java:125)
	at org.apache.shiro.web.servlet.ProxiedFilterChain.doFilter(ProxiedFilterChain.java:66)
	at org.apache.shiro.web.servlet.AbstractShiroFilter.executeChain(AbstractShiroFilter.java:449)
	at org.apache.shiro.web.servlet.AbstractShiroFilter$1.call(AbstractShiroFilter.java:365)
	at org.apache.shiro.subject.support.SubjectCallable.doCall(SubjectCallable.java:90)
	at org.apache.shiro.subject.support.SubjectCallable.call(SubjectCallable.java:83)
	at org.apache.shiro.subject.support.DelegatingSubject.execute(DelegatingSubject.java:387)
	at org.apache.shiro.web.servlet.AbstractShiroFilter.doFilterInternal(AbstractShiroFilter.java:362)
	at org.apache.shiro.web.servlet.OncePerRequestFilter.doFilter(OncePerRequestFilter.java:125)
	at org.apache.catalina.core.ApplicationFilterChain.internalDoFilter(ApplicationFilterChain.java:193)
	at org.apache.catalina.core.ApplicationFilterChain.doFilter(ApplicationFilterChain.java:166)
	at org.springframework.web.filter.RequestContextFilter.doFilterInternal(RequestContextFilter.java:99)
	at org.springframework.web.filter.OncePerRequestFilter.doFilter(OncePerRequestFilter.java:107)
	at org.apache.catalina.core.ApplicationFilterChain.internalDoFilter(ApplicationFilterChain.java:193)
	at org.apache.catalina.core.ApplicationFilterChain.doFilter(ApplicationFilterChain.java:166)
	at org.springframework.web.filter.FormContentFilter.doFilterInternal(FormContentFilter.java:92)
	at org.springframework.web.filter.OncePerRequestFilter.doFilter(OncePerRequestFilter.java:107)
	at org.apache.catalina.core.ApplicationFilterChain.internalDoFilter(ApplicationFilterChain.java:193)
	at org.apache.catalina.core.ApplicationFilterChain.doFilter(ApplicationFilterChain.java:166)
	at org.springframework.web.filter.HiddenHttpMethodFilter.doFilterInternal(HiddenHttpMethodFilter.java:93)
	at org.springframework.web.filter.OncePerRequestFilter.doFilter(OncePerRequestFilter.java:107)
	at org.apache.catalina.core.ApplicationFilterChain.internalDoFilter(ApplicationFilterChain.java:193)
	at org.apache.catalina.core.ApplicationFilterChain.doFilter(ApplicationFilterChain.java:166)
	at org.springframework.web.filter.CharacterEncodingFilter.doFilterInternal(CharacterEncodingFilter.java:200)
	at org.springframework.web.filter.OncePerRequestFilter.doFilter(OncePerRequestFilter.java:107)
	at org.apache.catalina.core.ApplicationFilterChain.internalDoFilter(ApplicationFilterChain.java:193)
	at org.apache.catalina.core.ApplicationFilterChain.doFilter(ApplicationFilterChain.java:166)
	at org.apache.catalina.core.StandardWrapperValve.invoke(StandardWrapperValve.java:200)
	at org.apache.catalina.core.StandardContextValve.__invoke(StandardContextValve.java:96)
	at org.apache.catalina.core.StandardContextValve.invoke(StandardContextValve.java:41002)
	at org.apache.catalina.authenticator.AuthenticatorBase.invoke(AuthenticatorBase.java:490)
	at org.apache.catalina.core.StandardHostValve.invoke(StandardHostValve.java:139)
	at org.apache.catalina.valves.ErrorReportValve.invoke(ErrorReportValve.java:92)
	at org.apache.catalina.core.StandardEngineValve.invoke(StandardEngineValve.java:74)
	at org.apache.catalina.connector.CoyoteAdapter.service(CoyoteAdapter.java:343)
	at org.apache.coyote.http11.Http11Processor.service(Http11Processor.java:408)
	at org.apache.coyote.AbstractProcessorLight.process(AbstractProcessorLight.java:66)
	at org.apache.coyote.AbstractProtocol$ConnectionHandler.process(AbstractProtocol.java:834)
	at org.apache.tomcat.util.net.NioEndpoint$SocketProcessor.doRun(NioEndpoint.java:1415)
	at org.apache.tomcat.util.net.SocketProcessorBase.run(SocketProcessorBase.java:49)
	at java.util.concurrent.ThreadPoolExecutor.runWorker(ThreadPoolExecutor.java:1142)
	at java.util.concurrent.ThreadPoolExecutor$Worker.run(ThreadPoolExecutor.java:617)
	at org.apache.tomcat.util.threads.TaskThread$WrappingRunnable.run(TaskThread.java:61)
	at java.lang.Thread.run(Thread.java:745)
2019/05/17-09:33 [Thread-52] INFO  org.springframework.scheduling.concurrent.ThreadPoolTaskExecutor- Shutting down ExecutorService 'applicationTaskExecutor'
2019/05/17-09:33 [main] INFO  com.wxc.dangxia.DangxiaApplication- Starting DangxiaApplication on DESKTOP-QK8FRP2 with PID 8448 (E:\java_workspace\dangxia\target\classes started by Star.Wu in E:\java_workspace\dangxia)
2019/05/17-09:33 [main] DEBUG com.wxc.dangxia.DangxiaApplication- Running with Spring Boot v2.1.4.RELEASE, Spring v5.1.6.RELEASE
2019/05/17-09:33 [main] INFO  com.wxc.dangxia.DangxiaApplication- No active profile set, falling back to default profiles: default
2019/05/17-09:33 [main] INFO  org.springframework.boot.devtools.env.DevToolsPropertyDefaultsPostProcessor- Devtools property defaults active! Set 'spring.devtools.add-properties' to 'false' to disable
2019/05/17-09:33 [main] INFO  org.springframework.boot.devtools.env.DevToolsPropertyDefaultsPostProcessor- For additional web related logging consider setting the 'logging.level.web' property to 'DEBUG'
2019/05/17-09:34 [main] INFO  org.springframework.context.support.PostProcessorRegistrationDelegate$BeanPostProcessorChecker- Bean 'org.springframework.transaction.annotation.ProxyTransactionManagementConfiguration' of type [org.springframework.transaction.annotation.ProxyTransactionManagementConfiguration$$EnhancerBySpringCGLIB$$62106467] is not eligible for getting processed by all BeanPostProcessors (for example: not eligible for auto-proxying)
2019/05/17-09:34 [main] INFO  org.springframework.context.support.PostProcessorRegistrationDelegate$BeanPostProcessorChecker- Bean 'shiroConfiguration' of type [com.wxc.dangxia.commons.shiro.config.ShiroConfiguration$$EnhancerBySpringCGLIB$$f5fdd6ad] is not eligible for getting processed by all BeanPostProcessors (for example: not eligible for auto-proxying)
2019/05/17-09:34 [main] INFO  org.springframework.context.support.PostProcessorRegistrationDelegate$BeanPostProcessorChecker- Bean 'mybatis-org.mybatis.spring.boot.autoconfigure.MybatisProperties' of type [org.mybatis.spring.boot.autoconfigure.MybatisProperties] is not eligible for getting processed by all BeanPostProcessors (for example: not eligible for auto-proxying)
2019/05/17-09:34 [main] INFO  org.springframework.context.support.PostProcessorRegistrationDelegate$BeanPostProcessorChecker- Bean 'mybatisPageConfig' of type [com.wxc.dangxia.commons.utils.MybatisPageConfig$$EnhancerBySpringCGLIB$$1652c4c0] is not eligible for getting processed by all BeanPostProcessors (for example: not eligible for auto-proxying)
2019/05/17-09:34 [main] INFO  org.springframework.context.support.PostProcessorRegistrationDelegate$BeanPostProcessorChecker- Bean 'pageHelper' of type [com.github.pagehelper.PageHelper] is not eligible for getting processed by all BeanPostProcessors (for example: not eligible for auto-proxying)
2019/05/17-09:34 [main] INFO  org.springframework.context.support.PostProcessorRegistrationDelegate$BeanPostProcessorChecker- Bean 'org.mybatis.spring.boot.autoconfigure.MybatisAutoConfiguration' of type [org.mybatis.spring.boot.autoconfigure.MybatisAutoConfiguration$$EnhancerBySpringCGLIB$$94e4b597] is not eligible for getting processed by all BeanPostProcessors (for example: not eligible for auto-proxying)
2019/05/17-09:34 [main] INFO  org.springframework.context.support.PostProcessorRegistrationDelegate$BeanPostProcessorChecker- Bean 'org.springframework.boot.autoconfigure.jdbc.DataSourceConfiguration$Generic' of type [org.springframework.boot.autoconfigure.jdbc.DataSourceConfiguration$Generic$$EnhancerBySpringCGLIB$$43cb4889] is not eligible for getting processed by all BeanPostProcessors (for example: not eligible for auto-proxying)
2019/05/17-09:34 [main] INFO  org.springframework.context.support.PostProcessorRegistrationDelegate$BeanPostProcessorChecker- Bean 'spring.datasource-org.springframework.boot.autoconfigure.jdbc.DataSourceProperties' of type [org.springframework.boot.autoconfigure.jdbc.DataSourceProperties] is not eligible for getting processed by all BeanPostProcessors (for example: not eligible for auto-proxying)
2019/05/17-09:34 [main] INFO  org.springframework.context.support.PostProcessorRegistrationDelegate$BeanPostProcessorChecker- Bean 'dataSource' of type [com.alibaba.druid.pool.DruidDataSource] is not eligible for getting processed by all BeanPostProcessors (for example: not eligible for auto-proxying)
2019/05/17-09:34 [main] INFO  org.springframework.context.support.PostProcessorRegistrationDelegate$BeanPostProcessorChecker- Bean 'org.springframework.boot.autoconfigure.jdbc.DataSourceInitializerInvoker' of type [org.springframework.boot.autoconfigure.jdbc.DataSourceInitializerInvoker] is not eligible for getting processed by all BeanPostProcessors (for example: not eligible for auto-proxying)
2019/05/17-09:34 [main] INFO  org.springframework.context.support.PostProcessorRegistrationDelegate$BeanPostProcessorChecker- Bean 'sqlSessionFactory' of type [org.apache.ibatis.session.defaults.DefaultSqlSessionFactory] is not eligible for getting processed by all BeanPostProcessors (for example: not eligible for auto-proxying)
2019/05/17-09:34 [main] INFO  org.springframework.context.support.PostProcessorRegistrationDelegate$BeanPostProcessorChecker- Bean 'sqlSessionTemplate' of type [org.mybatis.spring.SqlSessionTemplate] is not eligible for getting processed by all BeanPostProcessors (for example: not eligible for auto-proxying)
2019/05/17-09:34 [main] INFO  org.springframework.context.support.PostProcessorRegistrationDelegate$BeanPostProcessorChecker- Bean 'IEmployeeDao' of type [org.mybatis.spring.mapper.MapperFactoryBean] is not eligible for getting processed by all BeanPostProcessors (for example: not eligible for auto-proxying)
2019/05/17-09:34 [main] INFO  org.springframework.context.support.PostProcessorRegistrationDelegate$BeanPostProcessorChecker- Bean 'IEmployeeDao' of type [com.sun.proxy.$Proxy68] is not eligible for getting processed by all BeanPostProcessors (for example: not eligible for auto-proxying)
2019/05/17-09:34 [main] INFO  org.springframework.context.support.PostProcessorRegistrationDelegate$BeanPostProcessorChecker- Bean 'loginServiceImpl' of type [com.wxc.dangxia.service.system.impl.LoginServiceImpl] is not eligible for getting processed by all BeanPostProcessors (for example: not eligible for auto-proxying)
2019/05/17-09:34 [main] INFO  org.springframework.context.support.PostProcessorRegistrationDelegate$BeanPostProcessorChecker- Bean 'dangXiaRealm' of type [com.wxc.dangxia.commons.shiro.realm.DangXiaRealm] is not eligible for getting processed by all BeanPostProcessors (for example: not eligible for auto-proxying)
2019/05/17-09:34 [main] INFO  org.springframework.context.support.PostProcessorRegistrationDelegate$BeanPostProcessorChecker- Bean 'securityManager' of type [org.apache.shiro.web.mgt.DefaultWebSecurityManager] is not eligible for getting processed by all BeanPostProcessors (for example: not eligible for auto-proxying)
2019/05/17-09:34 [main] INFO  org.springframework.context.support.PostProcessorRegistrationDelegate$BeanPostProcessorChecker- Bean 'authorizationAttributeSourceAdvisor' of type [org.apache.shiro.spring.security.interceptor.AuthorizationAttributeSourceAdvisor] is not eligible for getting processed by all BeanPostProcessors (for example: not eligible for auto-proxying)
2019/05/17-09:34 [main] INFO  org.springframework.boot.web.embedded.tomcat.TomcatWebServer- Tomcat initialized with port(s): 8088 (http)
2019/05/17-09:34 [main] INFO  org.apache.catalina.core.StandardService- Starting service [Tomcat]
2019/05/17-09:34 [main] INFO  org.apache.catalina.core.StandardEngine- Starting Servlet engine: [Apache Tomcat/9.0.17]
2019/05/17-09:34 [main] INFO  org.apache.catalina.core.AprLifecycleListener- An older version [1.2.14] of the APR based Apache Tomcat Native library is installed, while Tomcat recommends a minimum version of [1.2.21]
2019/05/17-09:34 [main] INFO  org.apache.catalina.core.AprLifecycleListener- Loaded APR based Apache Tomcat Native library [1.2.14] using APR version [1.6.2].
2019/05/17-09:34 [main] INFO  org.apache.catalina.core.AprLifecycleListener- APR capabilities: IPv6 [true], sendfile [true], accept filters [false], random [true].
2019/05/17-09:34 [main] INFO  org.apache.catalina.core.AprLifecycleListener- APR/OpenSSL configuration: useAprConnector [false], useOpenSSL [true]
2019/05/17-09:34 [main] INFO  org.apache.catalina.core.AprLifecycleListener- OpenSSL successfully initialized [OpenSSL 1.0.2l  25 May 2017]
2019/05/17-09:34 [main] INFO  org.apache.catalina.core.ContainerBase.[Tomcat].[localhost].[/dangxia]- Initializing Spring embedded WebApplicationContext
2019/05/17-09:34 [main] INFO  org.springframework.web.context.ContextLoader- Root WebApplicationContext: initialization completed in 5318 ms
2019/05/17-09:34 [main] INFO  org.springframework.scheduling.concurrent.ThreadPoolTaskExecutor- Initializing ExecutorService 'applicationTaskExecutor'
2019/05/17-09:34 [main] INFO  org.springframework.boot.autoconfigure.web.servlet.WelcomePageHandlerMapping- Adding welcome page template: index
2019/05/17-09:34 [main] INFO  org.springframework.boot.devtools.autoconfigure.OptionalLiveReloadServer- LiveReload server is running on port 35729
2019/05/17-09:34 [main] INFO  org.springframework.boot.web.embedded.tomcat.TomcatWebServer- Tomcat started on port(s): 8088 (http) with context path '/dangxia'
2019/05/17-09:34 [main] INFO  com.wxc.dangxia.DangxiaApplication- Started DangxiaApplication in 8.297 seconds (JVM running for 13.222)
2019/05/17-09:35 [http-nio-8088-exec-1] INFO  org.apache.tomcat.util.http.parser.Cookie- A cookie header was received [1558056049; Hm_lpvt_b393d153aeb26b46e9431fabaf0f6190=1558056201] that contained an invalid cookie. That cookie will be ignored.
 Note: further occurrences of this error will be logged at DEBUG level.
2019/05/17-09:35 [http-nio-8088-exec-1] INFO  org.apache.catalina.core.ContainerBase.[Tomcat].[localhost].[/dangxia]- Initializing Spring DispatcherServlet 'dispatcherServlet'
2019/05/17-09:35 [http-nio-8088-exec-1] INFO  org.springframework.web.servlet.DispatcherServlet- Initializing Servlet 'dispatcherServlet'
2019/05/17-09:35 [http-nio-8088-exec-1] INFO  org.springframework.web.servlet.DispatcherServlet- Completed initialization in 44 ms
2019/05/17-09:35 [http-nio-8088-exec-2] INFO  com.alibaba.druid.pool.DruidDataSource- {dataSource-1} inited
2019/05/17-09:35 [http-nio-8088-exec-2] DEBUG com.wxc.dangxia.dao.system.IEmployeeDao.getEmployeeByName- ==>  Preparing: SELECT emp_id,emp_login_name,emp_name,emp_password,emp_sex,emp_phone,emp_status,add_time,is_del,is_admin FROM employee WHERE emp_login_name=? AND is_del = 0 AND emp_status = 1 
2019/05/17-09:35 [http-nio-8088-exec-2] DEBUG com.wxc.dangxia.dao.system.IEmployeeDao.getEmployeeByName- ==> Parameters: admin(String)
2019/05/17-09:35 [http-nio-8088-exec-2] DEBUG com.wxc.dangxia.dao.system.IEmployeeDao.getEmployeeByName- <==      Total: 1
2019/05/17-09:36 [http-nio-8088-exec-4] DEBUG com.wxc.dangxia.dao.system.IEmployeeDao.getEmployeeByName- ==>  Preparing: SELECT emp_id,emp_login_name,emp_name,emp_password,emp_sex,emp_phone,emp_status,add_time,is_del,is_admin FROM employee WHERE emp_login_name=? AND is_del = 0 AND emp_status = 1 
2019/05/17-09:36 [http-nio-8088-exec-4] DEBUG com.wxc.dangxia.dao.system.IEmployeeDao.getEmployeeByName- ==> Parameters: admin(String)
2019/05/17-09:36 [http-nio-8088-exec-4] DEBUG com.wxc.dangxia.dao.system.IEmployeeDao.getEmployeeByName- <==      Total: 1
2019/05/17-09:36 [http-nio-8088-exec-5] DEBUG com.wxc.dangxia.dao.system.IEmployeeDao.getEmployeeByName- ==>  Preparing: SELECT emp_id,emp_login_name,emp_name,emp_password,emp_sex,emp_phone,emp_status,add_time,is_del,is_admin FROM employee WHERE emp_login_name=? AND is_del = 0 AND emp_status = 1 
2019/05/17-09:36 [http-nio-8088-exec-5] DEBUG com.wxc.dangxia.dao.system.IEmployeeDao.getEmployeeByName- ==> Parameters: admin(String)
2019/05/17-09:36 [http-nio-8088-exec-5] DEBUG com.wxc.dangxia.dao.system.IEmployeeDao.getEmployeeByName- <==      Total: 1
2019/05/17-09:37 [http-nio-8088-exec-7] DEBUG com.wxc.dangxia.dao.system.IEmployeeDao.getEmployeeByName- ==>  Preparing: SELECT emp_id,emp_login_name,emp_name,emp_password,emp_sex,emp_phone,emp_status,add_time,is_del,is_admin FROM employee WHERE emp_login_name=? AND is_del = 0 AND emp_status = 1 
2019/05/17-09:37 [http-nio-8088-exec-7] DEBUG com.wxc.dangxia.dao.system.IEmployeeDao.getEmployeeByName- ==> Parameters: admin(String)
2019/05/17-09:37 [http-nio-8088-exec-7] DEBUG com.wxc.dangxia.dao.system.IEmployeeDao.getEmployeeByName- <==      Total: 1
2019/05/17-09:37 [http-nio-8088-exec-8] DEBUG com.wxc.dangxia.dao.system.IEmployeeDao.getEmployeeByName- ==>  Preparing: SELECT emp_id,emp_login_name,emp_name,emp_password,emp_sex,emp_phone,emp_status,add_time,is_del,is_admin FROM employee WHERE emp_login_name=? AND is_del = 0 AND emp_status = 1 
2019/05/17-09:37 [http-nio-8088-exec-8] DEBUG com.wxc.dangxia.dao.system.IEmployeeDao.getEmployeeByName- ==> Parameters: admin(String)
2019/05/17-09:37 [http-nio-8088-exec-8] DEBUG com.wxc.dangxia.dao.system.IEmployeeDao.getEmployeeByName- <==      Total: 1
2019/05/17-09:43 [main] INFO  com.wxc.dangxia.DangxiaApplication- Starting DangxiaApplication on DESKTOP-QK8FRP2 with PID 7896 (E:\java_workspace\dangxia\target\classes started by Star.Wu in E:\java_workspace\dangxia)
2019/05/17-09:43 [main] DEBUG com.wxc.dangxia.DangxiaApplication- Running with Spring Boot v2.1.4.RELEASE, Spring v5.1.6.RELEASE
2019/05/17-09:43 [main] INFO  com.wxc.dangxia.DangxiaApplication- No active profile set, falling back to default profiles: default
2019/05/17-09:43 [main] INFO  org.springframework.boot.devtools.env.DevToolsPropertyDefaultsPostProcessor- Devtools property defaults active! Set 'spring.devtools.add-properties' to 'false' to disable
2019/05/17-09:43 [main] INFO  org.springframework.boot.devtools.env.DevToolsPropertyDefaultsPostProcessor- For additional web related logging consider setting the 'logging.level.web' property to 'DEBUG'
2019/05/17-09:43 [main] INFO  org.springframework.context.support.PostProcessorRegistrationDelegate$BeanPostProcessorChecker- Bean 'org.springframework.transaction.annotation.ProxyTransactionManagementConfiguration' of type [org.springframework.transaction.annotation.ProxyTransactionManagementConfiguration$$EnhancerBySpringCGLIB$$295f77fa] is not eligible for getting processed by all BeanPostProcessors (for example: not eligible for auto-proxying)
2019/05/17-09:43 [main] INFO  org.springframework.context.support.PostProcessorRegistrationDelegate$BeanPostProcessorChecker- Bean 'shiroConfiguration' of type [com.wxc.dangxia.commons.shiro.config.ShiroConfiguration$$EnhancerBySpringCGLIB$$bd4cea40] is not eligible for getting processed by all BeanPostProcessors (for example: not eligible for auto-proxying)
2019/05/17-09:43 [main] INFO  org.springframework.context.support.PostProcessorRegistrationDelegate$BeanPostProcessorChecker- Bean 'mybatis-org.mybatis.spring.boot.autoconfigure.MybatisProperties' of type [org.mybatis.spring.boot.autoconfigure.MybatisProperties] is not eligible for getting processed by all BeanPostProcessors (for example: not eligible for auto-proxying)
2019/05/17-09:43 [main] INFO  org.springframework.context.support.PostProcessorRegistrationDelegate$BeanPostProcessorChecker- Bean 'mybatisPageConfig' of type [com.wxc.dangxia.commons.utils.MybatisPageConfig$$EnhancerBySpringCGLIB$$dda1d853] is not eligible for getting processed by all BeanPostProcessors (for example: not eligible for auto-proxying)
2019/05/17-09:43 [main] INFO  org.springframework.context.support.PostProcessorRegistrationDelegate$BeanPostProcessorChecker- Bean 'pageHelper' of type [com.github.pagehelper.PageHelper] is not eligible for getting processed by all BeanPostProcessors (for example: not eligible for auto-proxying)
2019/05/17-09:43 [main] INFO  org.springframework.context.support.PostProcessorRegistrationDelegate$BeanPostProcessorChecker- Bean 'org.mybatis.spring.boot.autoconfigure.MybatisAutoConfiguration' of type [org.mybatis.spring.boot.autoconfigure.MybatisAutoConfiguration$$EnhancerBySpringCGLIB$$5c33c92a] is not eligible for getting processed by all BeanPostProcessors (for example: not eligible for auto-proxying)
2019/05/17-09:43 [main] INFO  org.springframework.context.support.PostProcessorRegistrationDelegate$BeanPostProcessorChecker- Bean 'org.springframework.boot.autoconfigure.jdbc.DataSourceConfiguration$Generic' of type [org.springframework.boot.autoconfigure.jdbc.DataSourceConfiguration$Generic$$EnhancerBySpringCGLIB$$b1a5c1c] is not eligible for getting processed by all BeanPostProcessors (for example: not eligible for auto-proxying)
2019/05/17-09:43 [main] INFO  org.springframework.context.support.PostProcessorRegistrationDelegate$BeanPostProcessorChecker- Bean 'spring.datasource-org.springframework.boot.autoconfigure.jdbc.DataSourceProperties' of type [org.springframework.boot.autoconfigure.jdbc.DataSourceProperties] is not eligible for getting processed by all BeanPostProcessors (for example: not eligible for auto-proxying)
2019/05/17-09:43 [main] INFO  org.springframework.context.support.PostProcessorRegistrationDelegate$BeanPostProcessorChecker- Bean 'dataSource' of type [com.alibaba.druid.pool.DruidDataSource] is not eligible for getting processed by all BeanPostProcessors (for example: not eligible for auto-proxying)
2019/05/17-09:43 [main] INFO  org.springframework.context.support.PostProcessorRegistrationDelegate$BeanPostProcessorChecker- Bean 'org.springframework.boot.autoconfigure.jdbc.DataSourceInitializerInvoker' of type [org.springframework.boot.autoconfigure.jdbc.DataSourceInitializerInvoker] is not eligible for getting processed by all BeanPostProcessors (for example: not eligible for auto-proxying)
2019/05/17-09:43 [main] INFO  org.springframework.context.support.PostProcessorRegistrationDelegate$BeanPostProcessorChecker- Bean 'sqlSessionFactory' of type [org.apache.ibatis.session.defaults.DefaultSqlSessionFactory] is not eligible for getting processed by all BeanPostProcessors (for example: not eligible for auto-proxying)
2019/05/17-09:43 [main] INFO  org.springframework.context.support.PostProcessorRegistrationDelegate$BeanPostProcessorChecker- Bean 'sqlSessionTemplate' of type [org.mybatis.spring.SqlSessionTemplate] is not eligible for getting processed by all BeanPostProcessors (for example: not eligible for auto-proxying)
2019/05/17-09:43 [main] INFO  org.springframework.context.support.PostProcessorRegistrationDelegate$BeanPostProcessorChecker- Bean 'IEmployeeDao' of type [org.mybatis.spring.mapper.MapperFactoryBean] is not eligible for getting processed by all BeanPostProcessors (for example: not eligible for auto-proxying)
2019/05/17-09:43 [main] INFO  org.springframework.context.support.PostProcessorRegistrationDelegate$BeanPostProcessorChecker- Bean 'IEmployeeDao' of type [com.sun.proxy.$Proxy68] is not eligible for getting processed by all BeanPostProcessors (for example: not eligible for auto-proxying)
2019/05/17-09:43 [main] INFO  org.springframework.context.support.PostProcessorRegistrationDelegate$BeanPostProcessorChecker- Bean 'loginServiceImpl' of type [com.wxc.dangxia.service.system.impl.LoginServiceImpl] is not eligible for getting processed by all BeanPostProcessors (for example: not eligible for auto-proxying)
2019/05/17-09:43 [main] INFO  org.springframework.context.support.PostProcessorRegistrationDelegate$BeanPostProcessorChecker- Bean 'dangXiaRealm' of type [com.wxc.dangxia.commons.shiro.realm.DangXiaRealm] is not eligible for getting processed by all BeanPostProcessors (for example: not eligible for auto-proxying)
2019/05/17-09:43 [main] INFO  org.springframework.context.support.PostProcessorRegistrationDelegate$BeanPostProcessorChecker- Bean 'securityManager' of type [org.apache.shiro.web.mgt.DefaultWebSecurityManager] is not eligible for getting processed by all BeanPostProcessors (for example: not eligible for auto-proxying)
2019/05/17-09:43 [main] INFO  org.springframework.context.support.PostProcessorRegistrationDelegate$BeanPostProcessorChecker- Bean 'authorizationAttributeSourceAdvisor' of type [org.apache.shiro.spring.security.interceptor.AuthorizationAttributeSourceAdvisor] is not eligible for getting processed by all BeanPostProcessors (for example: not eligible for auto-proxying)
2019/05/17-09:43 [main] INFO  org.springframework.boot.web.embedded.tomcat.TomcatWebServer- Tomcat initialized with port(s): 8088 (http)
2019/05/17-09:43 [main] INFO  org.apache.catalina.core.StandardService- Starting service [Tomcat]
2019/05/17-09:43 [main] INFO  org.apache.catalina.core.StandardEngine- Starting Servlet engine: [Apache Tomcat/9.0.17]
2019/05/17-09:43 [main] INFO  org.apache.catalina.core.AprLifecycleListener- An older version [1.2.14] of the APR based Apache Tomcat Native library is installed, while Tomcat recommends a minimum version of [1.2.21]
2019/05/17-09:43 [main] INFO  org.apache.catalina.core.AprLifecycleListener- Loaded APR based Apache Tomcat Native library [1.2.14] using APR version [1.6.2].
2019/05/17-09:43 [main] INFO  org.apache.catalina.core.AprLifecycleListener- APR capabilities: IPv6 [true], sendfile [true], accept filters [false], random [true].
2019/05/17-09:43 [main] INFO  org.apache.catalina.core.AprLifecycleListener- APR/OpenSSL configuration: useAprConnector [false], useOpenSSL [true]
2019/05/17-09:43 [main] INFO  org.apache.catalina.core.AprLifecycleListener- OpenSSL successfully initialized [OpenSSL 1.0.2l  25 May 2017]
2019/05/17-09:43 [main] INFO  org.apache.catalina.core.ContainerBase.[Tomcat].[localhost].[/dangxia]- Initializing Spring embedded WebApplicationContext
2019/05/17-09:43 [main] INFO  org.springframework.web.context.ContextLoader- Root WebApplicationContext: initialization completed in 4041 ms
2019/05/17-09:43 [main] INFO  org.springframework.scheduling.concurrent.ThreadPoolTaskExecutor- Initializing ExecutorService 'applicationTaskExecutor'
2019/05/17-09:43 [main] INFO  org.springframework.boot.autoconfigure.web.servlet.WelcomePageHandlerMapping- Adding welcome page template: index
2019/05/17-09:43 [main] INFO  org.springframework.boot.devtools.autoconfigure.OptionalLiveReloadServer- LiveReload server is running on port 35729
2019/05/17-09:43 [main] INFO  org.springframework.boot.web.embedded.tomcat.TomcatWebServer- Tomcat started on port(s): 8088 (http) with context path '/dangxia'
2019/05/17-09:43 [main] INFO  com.wxc.dangxia.DangxiaApplication- Started DangxiaApplication in 6.686 seconds (JVM running for 11.075)
2019/05/17-09:44 [http-nio-8088-exec-1] INFO  org.apache.tomcat.util.http.parser.Cookie- A cookie header was received [1558056049; Hm_lpvt_b393d153aeb26b46e9431fabaf0f6190=1558057004] that contained an invalid cookie. That cookie will be ignored.
 Note: further occurrences of this error will be logged at DEBUG level.
2019/05/17-09:44 [http-nio-8088-exec-1] INFO  org.apache.catalina.core.ContainerBase.[Tomcat].[localhost].[/dangxia]- Initializing Spring DispatcherServlet 'dispatcherServlet'
2019/05/17-09:44 [http-nio-8088-exec-1] INFO  org.springframework.web.servlet.DispatcherServlet- Initializing Servlet 'dispatcherServlet'
2019/05/17-09:44 [http-nio-8088-exec-1] INFO  org.springframework.web.servlet.DispatcherServlet- Completed initialization in 23 ms
2019/05/17-09:44 [http-nio-8088-exec-2] INFO  com.alibaba.druid.pool.DruidDataSource- {dataSource-1} inited
2019/05/17-09:44 [http-nio-8088-exec-2] DEBUG com.wxc.dangxia.dao.system.IEmployeeDao.getEmployeeByName- ==>  Preparing: SELECT emp_id,emp_login_name,emp_name,emp_password,emp_sex,emp_phone,emp_status,add_time,is_del,is_admin FROM employee WHERE emp_login_name=? AND is_del = 0 AND emp_status = 1 
2019/05/17-09:44 [http-nio-8088-exec-2] DEBUG com.wxc.dangxia.dao.system.IEmployeeDao.getEmployeeByName- ==> Parameters: admin(String)
2019/05/17-09:44 [http-nio-8088-exec-2] DEBUG com.wxc.dangxia.dao.system.IEmployeeDao.getEmployeeByName- <==      Total: 1
2019/05/17-09:45 [Thread-52] INFO  org.springframework.scheduling.concurrent.ThreadPoolTaskExecutor- Shutting down ExecutorService 'applicationTaskExecutor'
2019/05/17-09:45 [Thread-52] INFO  com.alibaba.druid.pool.DruidDataSource- {dataSource-1} closed
2019/05/17-09:45 [main] INFO  com.wxc.dangxia.DangxiaApplication- Starting DangxiaApplication on DESKTOP-QK8FRP2 with PID 6684 (E:\java_workspace\dangxia\target\classes started by Star.Wu in E:\java_workspace\dangxia)
2019/05/17-09:45 [main] DEBUG com.wxc.dangxia.DangxiaApplication- Running with Spring Boot v2.1.4.RELEASE, Spring v5.1.6.RELEASE
2019/05/17-09:45 [main] INFO  com.wxc.dangxia.DangxiaApplication- No active profile set, falling back to default profiles: default
2019/05/17-09:45 [main] INFO  org.springframework.boot.devtools.env.DevToolsPropertyDefaultsPostProcessor- Devtools property defaults active! Set 'spring.devtools.add-properties' to 'false' to disable
2019/05/17-09:45 [main] INFO  org.springframework.boot.devtools.env.DevToolsPropertyDefaultsPostProcessor- For additional web related logging consider setting the 'logging.level.web' property to 'DEBUG'
2019/05/17-09:45 [main] INFO  org.springframework.context.support.PostProcessorRegistrationDelegate$BeanPostProcessorChecker- Bean 'org.springframework.transaction.annotation.ProxyTransactionManagementConfiguration' of type [org.springframework.transaction.annotation.ProxyTransactionManagementConfiguration$$EnhancerBySpringCGLIB$$a2ac3878] is not eligible for getting processed by all BeanPostProcessors (for example: not eligible for auto-proxying)
2019/05/17-09:45 [main] INFO  org.springframework.context.support.PostProcessorRegistrationDelegate$BeanPostProcessorChecker- Bean 'shiroConfiguration' of type [com.wxc.dangxia.commons.shiro.config.ShiroConfiguration$$EnhancerBySpringCGLIB$$3699aabe] is not eligible for getting processed by all BeanPostProcessors (for example: not eligible for auto-proxying)
2019/05/17-09:45 [main] INFO  org.springframework.context.support.PostProcessorRegistrationDelegate$BeanPostProcessorChecker- Bean 'mybatis-org.mybatis.spring.boot.autoconfigure.MybatisProperties' of type [org.mybatis.spring.boot.autoconfigure.MybatisProperties] is not eligible for getting processed by all BeanPostProcessors (for example: not eligible for auto-proxying)
2019/05/17-09:45 [main] INFO  org.springframework.context.support.PostProcessorRegistrationDelegate$BeanPostProcessorChecker- Bean 'mybatisPageConfig' of type [com.wxc.dangxia.commons.utils.MybatisPageConfig$$EnhancerBySpringCGLIB$$56ee98d1] is not eligible for getting processed by all BeanPostProcessors (for example: not eligible for auto-proxying)
2019/05/17-09:45 [main] INFO  org.springframework.context.support.PostProcessorRegistrationDelegate$BeanPostProcessorChecker- Bean 'pageHelper' of type [com.github.pagehelper.PageHelper] is not eligible for getting processed by all BeanPostProcessors (for example: not eligible for auto-proxying)
2019/05/17-09:45 [main] INFO  org.springframework.context.support.PostProcessorRegistrationDelegate$BeanPostProcessorChecker- Bean 'org.mybatis.spring.boot.autoconfigure.MybatisAutoConfiguration' of type [org.mybatis.spring.boot.autoconfigure.MybatisAutoConfiguration$$EnhancerBySpringCGLIB$$d58089a8] is not eligible for getting processed by all BeanPostProcessors (for example: not eligible for auto-proxying)
2019/05/17-09:45 [main] INFO  org.springframework.context.support.PostProcessorRegistrationDelegate$BeanPostProcessorChecker- Bean 'org.springframework.boot.autoconfigure.jdbc.DataSourceConfiguration$Generic' of type [org.springframework.boot.autoconfigure.jdbc.DataSourceConfiguration$Generic$$EnhancerBySpringCGLIB$$84671c9a] is not eligible for getting processed by all BeanPostProcessors (for example: not eligible for auto-proxying)
2019/05/17-09:45 [main] INFO  org.springframework.context.support.PostProcessorRegistrationDelegate$BeanPostProcessorChecker- Bean 'spring.datasource-org.springframework.boot.autoconfigure.jdbc.DataSourceProperties' of type [org.springframework.boot.autoconfigure.jdbc.DataSourceProperties] is not eligible for getting processed by all BeanPostProcessors (for example: not eligible for auto-proxying)
2019/05/17-09:45 [main] INFO  org.springframework.context.support.PostProcessorRegistrationDelegate$BeanPostProcessorChecker- Bean 'dataSource' of type [com.alibaba.druid.pool.DruidDataSource] is not eligible for getting processed by all BeanPostProcessors (for example: not eligible for auto-proxying)
2019/05/17-09:45 [main] INFO  org.springframework.context.support.PostProcessorRegistrationDelegate$BeanPostProcessorChecker- Bean 'org.springframework.boot.autoconfigure.jdbc.DataSourceInitializerInvoker' of type [org.springframework.boot.autoconfigure.jdbc.DataSourceInitializerInvoker] is not eligible for getting processed by all BeanPostProcessors (for example: not eligible for auto-proxying)
2019/05/17-09:45 [main] INFO  org.springframework.context.support.PostProcessorRegistrationDelegate$BeanPostProcessorChecker- Bean 'sqlSessionFactory' of type [org.apache.ibatis.session.defaults.DefaultSqlSessionFactory] is not eligible for getting processed by all BeanPostProcessors (for example: not eligible for auto-proxying)
2019/05/17-09:45 [main] INFO  org.springframework.context.support.PostProcessorRegistrationDelegate$BeanPostProcessorChecker- Bean 'sqlSessionTemplate' of type [org.mybatis.spring.SqlSessionTemplate] is not eligible for getting processed by all BeanPostProcessors (for example: not eligible for auto-proxying)
2019/05/17-09:45 [main] INFO  org.springframework.context.support.PostProcessorRegistrationDelegate$BeanPostProcessorChecker- Bean 'IEmployeeDao' of type [org.mybatis.spring.mapper.MapperFactoryBean] is not eligible for getting processed by all BeanPostProcessors (for example: not eligible for auto-proxying)
2019/05/17-09:45 [main] INFO  org.springframework.context.support.PostProcessorRegistrationDelegate$BeanPostProcessorChecker- Bean 'IEmployeeDao' of type [com.sun.proxy.$Proxy68] is not eligible for getting processed by all BeanPostProcessors (for example: not eligible for auto-proxying)
2019/05/17-09:45 [main] INFO  org.springframework.context.support.PostProcessorRegistrationDelegate$BeanPostProcessorChecker- Bean 'loginServiceImpl' of type [com.wxc.dangxia.service.system.impl.LoginServiceImpl] is not eligible for getting processed by all BeanPostProcessors (for example: not eligible for auto-proxying)
2019/05/17-09:45 [main] INFO  org.springframework.context.support.PostProcessorRegistrationDelegate$BeanPostProcessorChecker- Bean 'dangXiaRealm' of type [com.wxc.dangxia.commons.shiro.realm.DangXiaRealm] is not eligible for getting processed by all BeanPostProcessors (for example: not eligible for auto-proxying)
2019/05/17-09:45 [main] INFO  org.springframework.context.support.PostProcessorRegistrationDelegate$BeanPostProcessorChecker- Bean 'securityManager' of type [org.apache.shiro.web.mgt.DefaultWebSecurityManager] is not eligible for getting processed by all BeanPostProcessors (for example: not eligible for auto-proxying)
2019/05/17-09:45 [main] INFO  org.springframework.context.support.PostProcessorRegistrationDelegate$BeanPostProcessorChecker- Bean 'authorizationAttributeSourceAdvisor' of type [org.apache.shiro.spring.security.interceptor.AuthorizationAttributeSourceAdvisor] is not eligible for getting processed by all BeanPostProcessors (for example: not eligible for auto-proxying)
2019/05/17-09:46 [main] INFO  org.springframework.boot.web.embedded.tomcat.TomcatWebServer- Tomcat initialized with port(s): 8088 (http)
2019/05/17-09:46 [main] INFO  org.apache.catalina.core.StandardService- Starting service [Tomcat]
2019/05/17-09:46 [main] INFO  org.apache.catalina.core.StandardEngine- Starting Servlet engine: [Apache Tomcat/9.0.17]
2019/05/17-09:46 [main] INFO  org.apache.catalina.core.AprLifecycleListener- An older version [1.2.14] of the APR based Apache Tomcat Native library is installed, while Tomcat recommends a minimum version of [1.2.21]
2019/05/17-09:46 [main] INFO  org.apache.catalina.core.AprLifecycleListener- Loaded APR based Apache Tomcat Native library [1.2.14] using APR version [1.6.2].
2019/05/17-09:46 [main] INFO  org.apache.catalina.core.AprLifecycleListener- APR capabilities: IPv6 [true], sendfile [true], accept filters [false], random [true].
2019/05/17-09:46 [main] INFO  org.apache.catalina.core.AprLifecycleListener- APR/OpenSSL configuration: useAprConnector [false], useOpenSSL [true]
2019/05/17-09:46 [main] INFO  org.apache.catalina.core.AprLifecycleListener- OpenSSL successfully initialized [OpenSSL 1.0.2l  25 May 2017]
2019/05/17-09:46 [main] INFO  org.apache.catalina.core.ContainerBase.[Tomcat].[localhost].[/dangxia]- Initializing Spring embedded WebApplicationContext
2019/05/17-09:46 [main] INFO  org.springframework.web.context.ContextLoader- Root WebApplicationContext: initialization completed in 4088 ms
2019/05/17-09:46 [main] INFO  org.springframework.scheduling.concurrent.ThreadPoolTaskExecutor- Initializing ExecutorService 'applicationTaskExecutor'
2019/05/17-09:46 [main] INFO  org.springframework.boot.autoconfigure.web.servlet.WelcomePageHandlerMapping- Adding welcome page template: index
2019/05/17-09:46 [main] INFO  org.springframework.boot.devtools.autoconfigure.OptionalLiveReloadServer- LiveReload server is running on port 35729
2019/05/17-09:46 [main] INFO  org.springframework.boot.web.embedded.tomcat.TomcatWebServer- Tomcat started on port(s): 8088 (http) with context path '/dangxia'
2019/05/17-09:46 [main] INFO  com.wxc.dangxia.DangxiaApplication- Started DangxiaApplication in 6.995 seconds (JVM running for 11.241)
2019/05/17-09:46 [http-nio-8088-exec-1] INFO  org.apache.tomcat.util.http.parser.Cookie- A cookie header was received [1558056049; Hm_lpvt_b393d153aeb26b46e9431fabaf0f6190=1558057464] that contained an invalid cookie. That cookie will be ignored.
 Note: further occurrences of this error will be logged at DEBUG level.
2019/05/17-09:46 [http-nio-8088-exec-1] INFO  org.apache.catalina.core.ContainerBase.[Tomcat].[localhost].[/dangxia]- Initializing Spring DispatcherServlet 'dispatcherServlet'
2019/05/17-09:46 [http-nio-8088-exec-1] INFO  org.springframework.web.servlet.DispatcherServlet- Initializing Servlet 'dispatcherServlet'
2019/05/17-09:46 [http-nio-8088-exec-1] INFO  org.springframework.web.servlet.DispatcherServlet- Completed initialization in 26 ms
2019/05/17-09:46 [http-nio-8088-exec-3] INFO  com.alibaba.druid.pool.DruidDataSource- {dataSource-1} inited
2019/05/17-09:46 [http-nio-8088-exec-3] DEBUG com.wxc.dangxia.dao.system.IEmployeeDao.getEmployeeByName- ==>  Preparing: SELECT emp_id,emp_login_name,emp_name,emp_password,emp_sex,emp_phone,emp_status,add_time,is_del,is_admin FROM employee WHERE emp_login_name=? AND is_del = 0 AND emp_status = 1 
2019/05/17-09:46 [http-nio-8088-exec-3] DEBUG com.wxc.dangxia.dao.system.IEmployeeDao.getEmployeeByName- ==> Parameters: admin(String)
2019/05/17-09:46 [http-nio-8088-exec-3] DEBUG com.wxc.dangxia.dao.system.IEmployeeDao.getEmployeeByName- <==      Total: 1
2019/05/17-09:47 [Thread-52] INFO  org.springframework.scheduling.concurrent.ThreadPoolTaskExecutor- Shutting down ExecutorService 'applicationTaskExecutor'
2019/05/17-09:47 [Thread-52] INFO  com.alibaba.druid.pool.DruidDataSource- {dataSource-1} closed
